<?xml version="1.0" encoding="UTF-8"?>
<testsuite xmlns:xsi="http://www.w3.org/2001/XMLSchema-instance" xsi:noNamespaceSchemaLocation="https://maven.apache.org/surefire/maven-surefire-plugin/xsd/surefire-test-report.xsd" name="Scenario: Sample Test Application" time="7.025" tests="5" errors="0" skipped="0" failures="0">
  <properties>
[...]
</properties>
  <testcase name="Scenario: Sample Test Application" classname="Scenario: Sample Test Application" time="0"/>
  <testcase name="Given Open Chrome Browser" classname="Scenario: Sample Test Application" time="0.001"/>
  <testcase name="When User Navigates to url" classname="Scenario: Sample Test Application" time="0"/>
  <testcase name="And User Searches In Google" classname="Scenario: Sample Test Application" time="0"/>
  <testcase name="Then Simple Say Page Title is not Null" classname="Scenario: Sample Test Application" time="0"/>
</testsuite>