<?xml version="1.0" encoding="UTF-8"?>
<!-- Generated by org.testng.reporters.JUnitXMLReporter -->
<testsuite hostname="Krishnas-MacBook-Pro-2.local" name="Default test" tests="6" failures="0" timestamp="9 Jun 2020 05:07:09 GMT" time="3.723" errors="0">
  <testcase name="weatherStationWithoutAPIKey" time="1.305" classname="com.automation.tests.TestWeatherAPI"/>
  <testcase name="registerWeatherStationThroughPostCall" time="0.416" classname="com.automation.tests.TestWeatherAPI"/>
  <testcase name="registerWeatherStationThroughPostCall" time="0.318" classname="com.automation.tests.TestWeatherAPI"/>
  <testcase name="getStationsAPI" time="0.329" classname="com.automation.tests.TestWeatherAPI"/>
  <testcase name="deleteBothStations" time="0.956" classname="com.automation.tests.TestWeatherAPI"/>
  <testcase name="testMessageAfterDeletion" time="0.34" classname="com.automation.tests.TestWeatherAPI"/>
</testsuite> <!-- Default test -->
