<?xml version="1.0" encoding="UTF-8"?>
<testng-results skipped="0" failed="0" total="1" passed="1">
  <reporter-output>
  </reporter-output>
  <suite name="UIAutomationSuite" duration-ms="11731" started-at="2020-06-10T03:25:18Z" finished-at="2020-06-10T03:25:30Z">
    <groups>
    </groups>
    <test name="RegressionTest" duration-ms="11731" started-at="2020-06-10T03:25:18Z" finished-at="2020-06-10T03:25:30Z">
      <class name="com.uiautomation.tests.CartRelatedTests">
        <test-method status="PASS" signature="launchBrowser()[pri:0, instance:com.uiautomation.tests.CartRelatedTests@46d56d67]" name="launchBrowser" is-config="true" duration-ms="4052" started-at="2020-06-09T22:25:18Z" finished-at="2020-06-09T22:25:22Z">
          <reporter-output>
          </reporter-output>
        </test-method> <!-- launchBrowser -->
        <test-method status="PASS" signature="testToVerifyDetailsInAddToCart()[pri:0, instance:com.uiautomation.tests.CartRelatedTests@46d56d67]" name="testToVerifyDetailsInAddToCart" duration-ms="7545" started-at="2020-06-09T22:25:22Z" finished-at="2020-06-09T22:25:29Z">
          <reporter-output>
          </reporter-output>
        </test-method> <!-- testToVerifyDetailsInAddToCart -->
        <test-method status="PASS" signature="closeBrowser()[pri:0, instance:com.uiautomation.tests.CartRelatedTests@46d56d67]" name="closeBrowser" is-config="true" duration-ms="122" started-at="2020-06-09T22:25:29Z" finished-at="2020-06-09T22:25:30Z">
          <reporter-output>
          </reporter-output>
        </test-method> <!-- closeBrowser -->
      </class> <!-- com.uiautomation.tests.CartRelatedTests -->
    </test> <!-- RegressionTest -->
  </suite> <!-- UIAutomationSuite -->
</testng-results>
