<?xml version="1.0" encoding="UTF-8"?>
<!-- Generated by org.testng.reporters.JUnitXMLReporter -->
<testsuite hostname="Krishnas-MacBook-Pro-2.local" name="Command line test" tests="3" failures="0" timestamp="9 Jun 2020 00:51:14 GMT" time="1.274" errors="0">
  <testcase name="registerWeatherStationThroughPostCall" time="0.0" classname="com.automation.tests.TestWeatherAPI">
    <skipped/>
  </testcase> <!-- registerWeatherStationThroughPostCall -->
  <testcase name="testDataProviderUsingJsonExample" time="0.0" classname="com.automation.tests.TestWeatherAPI">
    <skipped/>
  </testcase> <!-- testDataProviderUsingJsonExample -->
  <testcase name="weatherStationWithoutAPIKey" time="1.263" classname="com.automation.tests.TestWeatherAPI"/>
</testsuite> <!-- Command line test -->
