<?xml version="1.0" encoding="UTF-8"?>
<!-- Generated by org.testng.reporters.JUnitXMLReporter -->
<testsuite hostname="Krishnas-MacBook-Pro-2.local" name="Regression suite 1" tests="6" failures="0" timestamp="9 Jun 2020 05:10:59 GMT" time="4.321" errors="0">
  <testcase name="weatherStationWithoutAPIKey" time="1.283" classname="com.automation.tests.TestWeatherAPI"/>
  <testcase name="registerWeatherStationThroughPostCall" time="0.682" classname="com.automation.tests.TestWeatherAPI"/>
  <testcase name="registerWeatherStationThroughPostCall" time="0.323" classname="com.automation.tests.TestWeatherAPI"/>
  <testcase name="getStationsAPI" time="0.326" classname="com.automation.tests.TestWeatherAPI"/>
  <testcase name="deleteBothStations" time="1.218" classname="com.automation.tests.TestWeatherAPI"/>
  <testcase name="testMessageAfterDeletion" time="0.431" classname="com.automation.tests.TestWeatherAPI"/>
</testsuite> <!-- Regression suite 1 -->
